#
# There is insufficient memory for the Java Runtime Environment to continue.
# Native memory allocation (malloc) failed to allocate 32744 bytes for ChunkPool::allocate
# Possible reasons:
#   The system is out of physical RAM or swap space
#   In 32 bit mode, the process size limit was hit
# Possible solutions:
#   Reduce memory load on the system
#   Increase physical memory or swap space
#   Check if swap backing store is full
#   Use 64 bit Java on a 64 bit OS
#   Decrease Java heap size (-Xmx/-Xms)
#   Decrease number of Java threads
#   Decrease Java thread stack sizes (-Xss)
#   Set larger code cache with -XX:ReservedCodeCacheSize=
# This output file may be truncated or incomplete.
#
#  Out of Memory Error (allocation.cpp:273), pid=41532, tid=0x0000000000009298
#
# JRE version: Java(TM) SE Runtime Environment (8.0_181-b13) (build 1.8.0_181-b13)
# Java VM: Java HotSpot(TM) 64-Bit Server VM (25.181-b13 mixed mode windows-amd64 compressed oops)
# Failed to write core dump. Minidumps are not enabled by default on client versions of Windows
#

---------------  T H R E A D  ---------------

Current thread (0x000000001bf69000):  JavaThread "C2 CompilerThread0" daemon [_thread_in_native, id=37528, stack(0x000000001c920000,0x000000001ca20000)]

Stack: [0x000000001c920000,0x000000001ca20000]
[error occurred during error reporting (printing stack bounds), id 0xc0000005]

Native frames: (J=compiled Java code, j=interpreted, Vv=VM code, C=native code)


Current CompileTask:
C2:   8192 3999       4       org.springframework.core.ResolvableType::forType (107 bytes)


---------------  P R O C E S S  ---------------

Java Threads: ( => current thread )
  0x000000001ed5d000 JavaThread "localhost-startStop-1" daemon [_thread_in_vm, id=8396, stack(0x0000000021bf0000,0x0000000021cf0000)]
  0x000000001d304000 JavaThread "Tomcat-startStop-1" daemon [_thread_blocked, id=40804, stack(0x0000000021af0000,0x0000000021bf0000)]
  0x000000001e215800 JavaThread "restartedMain" [_thread_blocked, id=39768, stack(0x000000001eb00000,0x000000001ec00000)]
  0x000000001e43e000 JavaThread "Thread-0" [_thread_blocked, id=39276, stack(0x000000001ea00000,0x000000001eb00000)]
  0x000000001c009000 JavaThread "Service Thread" daemon [_thread_blocked, id=41064, stack(0x000000001cd20000,0x000000001ce20000)]
  0x000000001bf73000 JavaThread "C1 CompilerThread3" daemon [_thread_blocked, id=41596, stack(0x000000001cc20000,0x000000001cd20000)]
  0x000000001bf70800 JavaThread "C2 CompilerThread2" daemon [_thread_in_native, id=40444, stack(0x000000001cb20000,0x000000001cc20000)]
  0x000000001bf6f800 JavaThread "C2 CompilerThread1" daemon [_thread_in_native, id=20428, stack(0x000000001ca20000,0x000000001cb20000)]
=>0x000000001bf69000 JavaThread "C2 CompilerThread0" daemon [_thread_in_native, id=37528, stack(0x000000001c920000,0x000000001ca20000)]
  0x000000001bf55000 JavaThread "JDWP Command Reader" daemon [_thread_in_native, id=37072, stack(0x000000001c820000,0x000000001c920000)]
  0x000000001bf51800 JavaThread "JDWP Event Helper Thread" daemon [_thread_blocked, id=40448, stack(0x000000001c720000,0x000000001c820000)]
  0x000000001bf44000 JavaThread "JDWP Transport Listener: dt_socket" daemon [_thread_blocked, id=40168, stack(0x000000001c620000,0x000000001c720000)]
  0x000000001bf3b000 JavaThread "Attach Listener" daemon [_thread_blocked, id=40392, stack(0x000000001c520000,0x000000001c620000)]
  0x000000001bf3a800 JavaThread "Signal Dispatcher" daemon [_thread_blocked, id=36912, stack(0x000000001c420000,0x000000001c520000)]
  0x000000000503e800 JavaThread "Finalizer" daemon [_thread_blocked, id=40048, stack(0x000000001c2b0000,0x000000001c3b0000)]
  0x000000000503d000 JavaThread "Reference Handler" daemon [_thread_blocked, id=40676, stack(0x000000001bdb0000,0x000000001beb0000)]
  0x0000000004f47000 JavaThread "main" [_thread_blocked, id=41760, stack(0x0000000004e20000,0x0000000004f20000)]

Other Threads:
  0x0000000019fe9800 VMThread [stack: 0x000000001bcb0000,0x000000001bdb0000] [id=36668]
  0x000000001c060000 WatcherThread [stack: 0x000000001ce20000,0x000000001cf20000] [id=37880]

VM state:not at safepoint (normal execution)

VM Mutex/Monitor currently owned by a thread: None

Heap:
 PSYoungGen      total 214528K, used 15467K [0x00000000d5f80000, 0x00000000eb280000, 0x0000000100000000)
  eden space 204288K, 2% used [0x00000000d5f80000,0x00000000d649b888,0x00000000e2700000)
  from space 10240K, 99% used [0x00000000e2700000,0x00000000e30ff408,0x00000000e3100000)
  to   space 17920K, 0% used [0x00000000ea100000,0x00000000ea100000,0x00000000eb280000)
 ParOldGen       total 60416K, used 20787K [0x0000000081e00000, 0x0000000085900000, 0x00000000d5f80000)
  object space 60416K, 34% used [0x0000000081e00000,0x000000008324cfc8,0x0000000085900000)
 Metaspace       used 32833K, capacity 33254K, committed 33664K, reserved 1079296K
  class space    used 4024K, capacity 4138K, committed 4224K, reserved 1048576K

Card table byte_map: [0x0000000014410000,0x0000000014810000] byte_map_base: 0x0000000014001000

Marking Bits: (ParMarkBitMap*) 0x0000000059312d00
 Begin Bits: [0x00000000152c0000, 0x0000000017248000)
 End Bits:   [0x0000000017248000, 0x00000000191d0000)

Polling page: 0x0000000003220000

CodeCache: size=245760Kb used=13975Kb max_used=14220Kb free=231784Kb
 bounds [0x0000000005050000, 0x0000000005e50000, 0x0000000014050000]
 total_blobs=3904 nmethods=3501 adapters=323
 compilation: enabled

Compilation events (10 events):
Event: 8.106 Thread 0x000000001bf73000 4019       3       org.hibernate.validator.internal.metadata.aggregated.AbstractConstraintMetaData::toString (100 bytes)
Event: 8.107 Thread 0x000000001bf73000 nmethod 4019 0x0000000005529f90 code [0x000000000552a300, 0x000000000552c1f8]
Event: 8.108 Thread 0x000000001bf73000 4020       3       java.util.Collections$UnmodifiableCollection::toString (8 bytes)
Event: 8.108 Thread 0x000000001bf73000 nmethod 4020 0x0000000005151250 code [0x00000000051513c0, 0x00000000051515e8]
Event: 8.111 Thread 0x000000001bf73000 4021       3       java.beans.Introspector::getBeanInfo (7 bytes)
Event: 8.112 Thread 0x000000001bf73000 nmethod 4021 0x00000000051ee2d0 code [0x00000000051ee460, 0x00000000051ee768]
Event: 8.119 Thread 0x000000001bf73000 4023       3       org.springframework.core.annotation.AnnotationUtils::synthesizeAnnotation (6 bytes)
Event: 8.119 Thread 0x000000001bf73000 nmethod 4023 0x00000000051ad450 code [0x00000000051ad5c0, 0x00000000051ad748]
Event: 8.120 Thread 0x000000001bf73000 4024       1       org.springframework.boot.autoconfigure.SharedMetadataReaderFactoryContextInitializer$SharedMetadataReaderFactoryBean::getObjectType (3 bytes)
Event: 8.121 Thread 0x000000001bf73000 nmethod 4024 0x0000000005e38610 code [0x0000000005e38760, 0x0000000005e38870]

GC Heap History (10 events):
Event: 2.257 GC heap before
{Heap before GC invocations=4 (full 0):
 PSYoungGen      total 71680K, used 65522K [0x00000000d5f80000, 0x00000000deb80000, 0x0000000100000000)
  eden space 66560K, 90% used [0x00000000d5f80000,0x00000000d9a7fa70,0x00000000da080000)
  from space 5120K, 99% used [0x00000000da080000,0x00000000da57ce18,0x00000000da580000)
  to   space 5120K, 0% used [0x00000000de680000,0x00000000de680000,0x00000000deb80000)
 ParOldGen       total 87552K, used 4588K [0x0000000081e00000, 0x0000000087380000, 0x00000000d5f80000)
  object space 87552K, 5% used [0x0000000081e00000,0x000000008227b118,0x0000000087380000)
 Metaspace       used 20858K, capacity 21106K, committed 21296K, reserved 1069056K
  class space    used 2535K, capacity 2599K, committed 2688K, reserved 1048576K
Event: 2.264 GC heap after
Heap after GC invocations=4 (full 0):
 PSYoungGen      total 138240K, used 5117K [0x00000000d5f80000, 0x00000000deb80000, 0x0000000100000000)
  eden space 133120K, 0% used [0x00000000d5f80000,0x00000000d5f80000,0x00000000de180000)
  from space 5120K, 99% used [0x00000000de680000,0x00000000deb7f430,0x00000000deb80000)
  to   space 5120K, 0% used [0x00000000de180000,0x00000000de180000,0x00000000de680000)
 ParOldGen       total 87552K, used 7697K [0x0000000081e00000, 0x0000000087380000, 0x00000000d5f80000)
  object space 87552K, 8% used [0x0000000081e00000,0x0000000082584690,0x0000000087380000)
 Metaspace       used 20858K, capacity 21106K, committed 21296K, reserved 1069056K
  class space    used 2535K, capacity 2599K, committed 2688K, reserved 1048576K
}
Event: 2.264 GC heap before
{Heap before GC invocations=5 (full 1):
 PSYoungGen      total 138240K, used 5117K [0x00000000d5f80000, 0x00000000deb80000, 0x0000000100000000)
  eden space 133120K, 0% used [0x00000000d5f80000,0x00000000d5f80000,0x00000000de180000)
  from space 5120K, 99% used [0x00000000de680000,0x00000000deb7f430,0x00000000deb80000)
  to   space 5120K, 0% used [0x00000000de180000,0x00000000de180000,0x00000000de680000)
 ParOldGen       total 87552K, used 7697K [0x0000000081e00000, 0x0000000087380000, 0x00000000d5f80000)
  object space 87552K, 8% used [0x0000000081e00000,0x0000000082584690,0x0000000087380000)
 Metaspace       used 20858K, capacity 21106K, committed 21296K, reserved 1069056K
  class space    used 2535K, capacity 2599K, committed 2688K, reserved 1048576K
Event: 2.290 GC heap after
Heap after GC invocations=5 (full 1):
 PSYoungGen      total 138240K, used 0K [0x00000000d5f80000, 0x00000000deb80000, 0x0000000100000000)
  eden space 133120K, 0% used [0x00000000d5f80000,0x00000000d5f80000,0x00000000de180000)
  from space 5120K, 0% used [0x00000000de680000,0x00000000de680000,0x00000000deb80000)
  to   space 5120K, 0% used [0x00000000de180000,0x00000000de180000,0x00000000de680000)
 ParOldGen       total 60416K, used 8048K [0x0000000081e00000, 0x0000000085900000, 0x00000000d5f80000)
  object space 60416K, 13% used [0x0000000081e00000,0x00000000825dc2e8,0x0000000085900000)
 Metaspace       used 20858K, capacity 21106K, committed 21296K, reserved 1069056K
  class space    used 2535K, capacity 2599K, committed 2688K, reserved 1048576K
}
Event: 4.894 GC heap before
{Heap before GC invocations=6 (full 1):
 PSYoungGen      total 138240K, used 133120K [0x00000000d5f80000, 0x00000000deb80000, 0x0000000100000000)
  eden space 133120K, 100% used [0x00000000d5f80000,0x00000000de180000,0x00000000de180000)
  from space 5120K, 0% used [0x00000000de680000,0x00000000de680000,0x00000000deb80000)
  to   space 5120K, 0% used [0x00000000de180000,0x00000000de180000,0x00000000de680000)
 ParOldGen       total 60416K, used 8048K [0x0000000081e00000, 0x0000000085900000, 0x00000000d5f80000)
  object space 60416K, 13% used [0x0000000081e00000,0x00000000825dc2e8,0x0000000085900000)
 Metaspace       used 23186K, capacity 23522K, committed 23680K, reserved 1071104K
  class space    used 2838K, capacity 2927K, committed 2944K, reserved 1048576K
Event: 4.909 GC heap after
Heap after GC invocations=6 (full 1):
 PSYoungGen      total 138240K, used 5090K [0x00000000d5f80000, 0x00000000e3b00000, 0x0000000100000000)
  eden space 133120K, 0% used [0x00000000d5f80000,0x00000000d5f80000,0x00000000de180000)
  from space 5120K, 99% used [0x00000000de180000,0x00000000de678988,0x00000000de680000)
  to   space 10240K, 0% used [0x00000000e3100000,0x00000000e3100000,0x00000000e3b00000)
 ParOldGen       total 60416K, used 8492K [0x0000000081e00000, 0x0000000085900000, 0x00000000d5f80000)
  object space 60416K, 14% used [0x0000000081e00000,0x000000008264b338,0x0000000085900000)
 Metaspace       used 23186K, capacity 23522K, committed 23680K, reserved 1071104K
  class space    used 2838K, capacity 2927K, committed 2944K, reserved 1048576K
}
Event: 6.307 GC heap before
{Heap before GC invocations=7 (full 1):
 PSYoungGen      total 138240K, used 138210K [0x00000000d5f80000, 0x00000000e3b00000, 0x0000000100000000)
  eden space 133120K, 100% used [0x00000000d5f80000,0x00000000de180000,0x00000000de180000)
  from space 5120K, 99% used [0x00000000de180000,0x00000000de678988,0x00000000de680000)
  to   space 10240K, 0% used [0x00000000e3100000,0x00000000e3100000,0x00000000e3b00000)
 ParOldGen       total 60416K, used 8492K [0x0000000081e00000, 0x0000000085900000, 0x00000000d5f80000)
  object space 60416K, 14% used [0x0000000081e00000,0x000000008264b338,0x0000000085900000)
 Metaspace       used 26117K, capacity 26426K, committed 26624K, reserved 1073152K
  class space    used 3222K, capacity 3325K, committed 3328K, reserved 1048576K
Event: 6.329 GC heap after
Heap after GC invocations=7 (full 1):
 PSYoungGen      total 214528K, used 8015K [0x00000000d5f80000, 0x00000000e3c00000, 0x0000000100000000)
  eden space 204288K, 0% used [0x00000000d5f80000,0x00000000d5f80000,0x00000000e2700000)
  from space 10240K, 78% used [0x00000000e3100000,0x00000000e38d3f70,0x00000000e3b00000)
  to   space 10240K, 0% used [0x00000000e2700000,0x00000000e2700000,0x00000000e3100000)
 ParOldGen       total 60416K, used 8492K [0x0000000081e00000, 0x0000000085900000, 0x00000000d5f80000)
  object space 60416K, 14% used [0x0000000081e00000,0x000000008264b338,0x0000000085900000)
 Metaspace       used 26117K, capacity 26426K, committed 26624K, reserved 1073152K
  class space    used 3222K, capacity 3325K, committed 3328K, reserved 1048576K
}
Event: 8.061 GC heap before
{Heap before GC invocations=8 (full 1):
 PSYoungGen      total 214528K, used 212303K [0x00000000d5f80000, 0x00000000e3c00000, 0x0000000100000000)
  eden space 204288K, 100% used [0x00000000d5f80000,0x00000000e2700000,0x00000000e2700000)
  from space 10240K, 78% used [0x00000000e3100000,0x00000000e38d3f70,0x00000000e3b00000)
  to   space 10240K, 0% used [0x00000000e2700000,0x00000000e2700000,0x00000000e3100000)
 ParOldGen       total 60416K, used 8492K [0x0000000081e00000, 0x0000000085900000, 0x00000000d5f80000)
  object space 60416K, 14% used [0x0000000081e00000,0x000000008264b338,0x0000000085900000)
 Metaspace       used 32785K, capacity 33190K, committed 33408K, reserved 1079296K
  class space    used 4018K, capacity 4138K, committed 4224K, reserved 1048576K
Event: 8.078 GC heap after
Heap after GC invocations=8 (full 1):
 PSYoungGen      total 214528K, used 10237K [0x00000000d5f80000, 0x00000000eb280000, 0x0000000100000000)
  eden space 204288K, 0% used [0x00000000d5f80000,0x00000000d5f80000,0x00000000e2700000)
  from space 10240K, 99% used [0x00000000e2700000,0x00000000e30ff408,0x00000000e3100000)
  to   space 17920K, 0% used [0x00000000ea100000,0x00000000ea100000,0x00000000eb280000)
 ParOldGen       total 60416K, used 20787K [0x0000000081e00000, 0x0000000085900000, 0x00000000d5f80000)
  object space 60416K, 34% used [0x0000000081e00000,0x000000008324cfc8,0x0000000085900000)
 Metaspace       used 32785K, capacity 33190K, committed 33408K, reserved 1079296K
  class space    used 4018K, capacity 4138K, committed 4224K, reserved 1048576K
}

Deoptimization events (10 events):
Event: 8.126 Thread 0x000000001ed5d000 Uncommon trap: reason=unhandled action=none pc=0x0000000005d8e668 method=java.net.URLClassLoader.findClass(Ljava/lang/String;)Ljava/lang/Class; @ 44
Event: 8.126 Thread 0x000000001ed5d000 Uncommon trap: reason=unhandled action=none pc=0x0000000005907514 method=java.net.URLClassLoader.findClass(Ljava/lang/String;)Ljava/lang/Class; @ 44
Event: 8.126 Thread 0x000000001ed5d000 Uncommon trap: reason=unhandled action=none pc=0x0000000005b4164c method=java.net.URLClassLoader.findClass(Ljava/lang/String;)Ljava/lang/Class; @ 44
Event: 8.126 Thread 0x000000001ed5d000 Uncommon trap: reason=unhandled action=none pc=0x0000000005d8e668 method=java.net.URLClassLoader.findClass(Ljava/lang/String;)Ljava/lang/Class; @ 44
Event: 8.127 Thread 0x000000001ed5d000 Uncommon trap: reason=unhandled action=none pc=0x0000000005907514 method=java.net.URLClassLoader.findClass(Ljava/lang/String;)Ljava/lang/Class; @ 44
Event: 8.127 Thread 0x000000001ed5d000 Uncommon trap: reason=unhandled action=none pc=0x0000000005d8e668 method=java.net.URLClassLoader.findClass(Ljava/lang/String;)Ljava/lang/Class; @ 44
Event: 8.127 Thread 0x000000001ed5d000 Uncommon trap: reason=unhandled action=none pc=0x0000000005907514 method=java.net.URLClassLoader.findClass(Ljava/lang/String;)Ljava/lang/Class; @ 44
Event: 8.127 Thread 0x000000001ed5d000 Uncommon trap: reason=unhandled action=none pc=0x0000000005b4164c method=java.net.URLClassLoader.findClass(Ljava/lang/String;)Ljava/lang/Class; @ 44
Event: 8.128 Thread 0x000000001ed5d000 Uncommon trap: reason=unhandled action=none pc=0x0000000005d8e668 method=java.net.URLClassLoader.findClass(Ljava/lang/String;)Ljava/lang/Class; @ 44
Event: 8.128 Thread 0x000000001ed5d000 Uncommon trap: reason=unhandled action=none pc=0x0000000005907514 method=java.net.URLClassLoader.findClass(Ljava/lang/String;)Ljava/lang/Class; @ 44

Classes redefined (0 events):
No events

Internal exceptions (10 events):
Event: 8.122 Thread 0x000000001ed5d000 Exception <a 'java/lang/ClassNotFoundException': java/lang/ObjectCustomizer> (0x00000000d62b1648) thrown at [C:\re\workspace\8-2-build-windows-amd64-cygwin\jdk8u181\11358\hotspot\src\share\vm\classfile\systemDictionary.cpp, line 210]
Event: 8.123 Thread 0x000000001ed5d000 Exception <a 'java/lang/ClassNotFoundException': org/springframework/boot/actuate/autoconfigure/MetricFilterPropertiesCustomizer> (0x00000000d62de810) thrown at [C:\re\workspace\8-2-build-windows-amd64-cygwin\jdk8u181\11358\hotspot\src\share\vm\classfile\
Event: 8.123 Thread 0x000000001ed5d000 Exception <a 'java/lang/ArrayIndexOutOfBoundsException': 92> (0x00000000d62e0688) thrown at [C:\re\workspace\8-2-build-windows-amd64-cygwin\jdk8u181\11358\hotspot\src\share\vm\interpreter\interpreterRuntime.cpp, line 366]
Event: 8.123 Thread 0x000000001ed5d000 Exception <a 'java/lang/ArrayIndexOutOfBoundsException': 91> (0x00000000d62e2848) thrown at [C:\re\workspace\8-2-build-windows-amd64-cygwin\jdk8u181\11358\hotspot\src\share\vm\interpreter\interpreterRuntime.cpp, line 366]
Event: 8.123 Thread 0x000000001ed5d000 Exception <a 'java/lang/ArrayIndexOutOfBoundsException': 91> (0x00000000d62e45f8) thrown at [C:\re\workspace\8-2-build-windows-amd64-cygwin\jdk8u181\11358\hotspot\src\share\vm\interpreter\interpreterRuntime.cpp, line 366]
Event: 8.123 Thread 0x000000001ed5d000 Exception <a 'java/lang/ArrayIndexOutOfBoundsException': 92> (0x00000000d62e63f0) thrown at [C:\re\workspace\8-2-build-windows-amd64-cygwin\jdk8u181\11358\hotspot\src\share\vm\interpreter\interpreterRuntime.cpp, line 366]
Event: 8.125 Thread 0x000000001ed5d000 Exception <a 'java/lang/ClassNotFoundException': java/lang/ObjectCustomizer> (0x00000000d632dbb8) thrown at [C:\re\workspace\8-2-build-windows-amd64-cygwin\jdk8u181\11358\hotspot\src\share\vm\classfile\systemDictionary.cpp, line 210]
Event: 8.126 Thread 0x000000001ed5d000 Exception <a 'java/lang/ClassNotFoundException': org/springframework/boot/actuate/autoconfigure/MetricFilterAutoConfigurationCustomizer> (0x00000000d635c630) thrown at [C:\re\workspace\8-2-build-windows-amd64-cygwin\jdk8u181\11358\hotspot\src\share\vm\cla
Event: 8.127 Thread 0x000000001ed5d000 Exception <a 'java/lang/ClassNotFoundException': org/springframework/boot/actuate/autoconfigure/MetricFilterAutoConfiguration$$EnhancerBySpringCGLIB$$e54026c6Customizer> (0x00000000d6395a28) thrown at [C:\re\workspace\8-2-build-windows-amd64-cygwin\jdk8u1
Event: 8.128 Thread 0x000000001ed5d000 Exception <a 'java/lang/ClassNotFoundException': org/springframework/context/annotation/ConfigurationClassEnhancer$EnhancedConfigurationCustomizer> (0x00000000d63cb4e8) thrown at [C:\re\workspace\8-2-build-windows-amd64-cygwin\jdk8u181\11358\hotspot\src\s

Events (10 events):
Event: 8.128 Thread 0x000000001ed5d000 DEOPT PACKING pc=0x0000000005e3f534 sp=0x0000000021ced8f0
Event: 8.128 Thread 0x000000001ed5d000 DEOPT UNPACKING pc=0x0000000005097890 sp=0x0000000021ced6f8 mode 1
Event: 8.128 loading class org/springframework/context/annotation/ConfigurationClassEnhancer$EnhancedConfigurationCustomizer
Event: 8.128 loading class org/springframework/context/annotation/ConfigurationClassEnhancer$EnhancedConfigurationCustomizer done
Event: 8.128 Thread 0x000000001ed5d000 DEOPT PACKING pc=0x00000000056a6f9c sp=0x0000000021ced930
Event: 8.128 Thread 0x000000001ed5d000 DEOPT UNPACKING pc=0x0000000005097890 sp=0x0000000021ced688 mode 1
Event: 8.128 Thread 0x000000001ed5d000 DEOPT PACKING pc=0x00000000056e985c sp=0x0000000021cedba0
Event: 8.128 Thread 0x000000001ed5d000 DEOPT UNPACKING pc=0x0000000005097890 sp=0x0000000021ced940 mode 1
Event: 8.128 Thread 0x000000001ed5d000 DEOPT PACKING pc=0x0000000005ca32ac sp=0x0000000021cedc70
Event: 8.128 Thread 0x000000001ed5d000 DEOPT UNPACKING pc=0x0000000005097890 sp=0x0000000021ced9f8 mode 1


Dynamic libraries:
0x00007ff63f210000 - 0x00007ff63f247000 	D:\deptTools\jdk\jre1.8\bin\javaw.exe
0x00007fffe5380000 - 0x00007fffe5560000 	C:\WINDOWS\SYSTEM32\ntdll.dll
0x00007fffe50c0000 - 0x00007fffe516e000 	C:\WINDOWS\System32\KERNEL32.DLL
0x00007fffe1f90000 - 0x00007fffe21f6000 	C:\WINDOWS\System32\KERNELBASE.dll
0x00007fffe31d0000 - 0x00007fffe3271000 	C:\WINDOWS\System32\ADVAPI32.dll
0x00007fffe4880000 - 0x00007fffe491d000 	C:\WINDOWS\System32\msvcrt.dll
0x00007fffe4d20000 - 0x00007fffe4d7b000 	C:\WINDOWS\System32\sechost.dll
0x00007fffe4fa0000 - 0x00007fffe50bf000 	C:\WINDOWS\System32\RPCRT4.dll
0x00007fffe2850000 - 0x00007fffe29df000 	C:\WINDOWS\System32\USER32.dll
0x00007fffe1f70000 - 0x00007fffe1f90000 	C:\WINDOWS\System32\win32u.dll
0x00007fffe31a0000 - 0x00007fffe31c8000 	C:\WINDOWS\System32\GDI32.dll
0x00007fffe2480000 - 0x00007fffe2613000 	C:\WINDOWS\System32\gdi32full.dll
0x00007fffe1780000 - 0x00007fffe181b000 	C:\WINDOWS\System32\msvcp_win.dll
0x00007fffe26d0000 - 0x00007fffe27c6000 	C:\WINDOWS\System32\ucrtbase.dll
0x00007fffd0d80000 - 0x00007fffd0fe9000 	C:\WINDOWS\WinSxS\amd64_microsoft.windows.common-controls_6595b64144ccf1df_6.0.16299.125_none_15cbcf8893620c09\COMCTL32.dll
0x00007fffe2a40000 - 0x00007fffe2d48000 	C:\WINDOWS\System32\combase.dll
0x00007fffe27d0000 - 0x00007fffe2842000 	C:\WINDOWS\System32\bcryptPrimitives.dll
0x00007fffe3290000 - 0x00007fffe32bd000 	C:\WINDOWS\System32\IMM32.DLL
0x00000000562f0000 - 0x00000000563c2000 	D:\deptTools\jdk\jre1.8\bin\msvcr100.dll
0x0000000058af0000 - 0x0000000059392000 	D:\deptTools\jdk\jre1.8\bin\server\jvm.dll
0x00007fffe3280000 - 0x00007fffe3288000 	C:\WINDOWS\System32\PSAPI.DLL
0x00007fffdf460000 - 0x00007fffdf483000 	C:\WINDOWS\SYSTEM32\WINMM.dll
0x00007fffd4a40000 - 0x00007fffd4a4a000 	C:\WINDOWS\SYSTEM32\VERSION.dll
0x00007fffd4c30000 - 0x00007fffd4c39000 	C:\WINDOWS\SYSTEM32\WSOCK32.dll
0x00007fffe4f30000 - 0x00007fffe4f9c000 	C:\WINDOWS\System32\WS2_32.dll
0x00007fffdeb80000 - 0x00007fffdebaa000 	C:\WINDOWS\SYSTEM32\winmmbase.dll
0x00007fffe2680000 - 0x00007fffe26ca000 	C:\WINDOWS\System32\cfgmgr32.dll
0x0000000058a00000 - 0x0000000058a0f000 	D:\deptTools\jdk\jre1.8\bin\verify.dll
0x00000000589d0000 - 0x00000000589f9000 	D:\deptTools\jdk\jre1.8\bin\java.dll
0x00000000562b0000 - 0x00000000562e5000 	D:\deptTools\jdk\jre1.8\bin\jdwp.dll
0x00000000562a0000 - 0x00000000562a8000 	D:\deptTools\jdk\jre1.8\bin\npt.dll
0x0000000058980000 - 0x0000000058996000 	D:\deptTools\jdk\jre1.8\bin\zip.dll
0x00007fffe32c0000 - 0x00007fffe46f6000 	C:\WINDOWS\System32\SHELL32.dll
0x00007fffe4920000 - 0x00007fffe49c6000 	C:\WINDOWS\System32\shcore.dll
0x00007fffe1820000 - 0x00007fffe1f67000 	C:\WINDOWS\System32\windows.storage.dll
0x00007fffe29e0000 - 0x00007fffe2a31000 	C:\WINDOWS\System32\shlwapi.dll
0x00007fffe1760000 - 0x00007fffe1771000 	C:\WINDOWS\System32\kernel.appcore.dll
0x00007fffe16d0000 - 0x00007fffe171c000 	C:\WINDOWS\System32\powrprof.dll
0x00007fffe1740000 - 0x00007fffe175b000 	C:\WINDOWS\System32\profapi.dll
0x0000000056290000 - 0x0000000056299000 	D:\deptTools\jdk\jre1.8\bin\dt_socket.dll
0x00007fffd2ba0000 - 0x00007fffd2bb6000 	C:\WINDOWS\system32\napinsp.dll
0x00007fffd2840000 - 0x00007fffd285a000 	C:\WINDOWS\system32\pnrpnsp.dll
0x00007fffde350000 - 0x00007fffde368000 	C:\WINDOWS\system32\NLAapi.dll
0x00007fffe0ed0000 - 0x00007fffe0f36000 	C:\WINDOWS\System32\mswsock.dll
0x00007fffe0ca0000 - 0x00007fffe0d56000 	C:\WINDOWS\SYSTEM32\DNSAPI.dll
0x00007fffe5280000 - 0x00007fffe5288000 	C:\WINDOWS\System32\NSI.dll
0x00007fffe0c60000 - 0x00007fffe0c99000 	C:\WINDOWS\SYSTEM32\IPHLPAPI.DLL
0x00007fffd2750000 - 0x00007fffd275e000 	C:\WINDOWS\System32\winrnr.dll
0x00007fffdbb60000 - 0x00007fffdbbd0000 	C:\WINDOWS\System32\fwpuclnt.dll
0x00007fffe11a0000 - 0x00007fffe11c5000 	C:\WINDOWS\SYSTEM32\bcrypt.dll
0x00007fffdbb40000 - 0x00007fffdbb4a000 	C:\Windows\System32\rasadhlp.dll
0x0000000058960000 - 0x000000005897a000 	D:\deptTools\jdk\jre1.8\bin\net.dll
0x00007fffdcb30000 - 0x00007fffdcb46000 	C:\WINDOWS\SYSTEM32\dhcpcsvc6.DLL
0x00007fffdca40000 - 0x00007fffdca5a000 	C:\WINDOWS\SYSTEM32\dhcpcsvc.DLL
0x0000000056280000 - 0x000000005628d000 	D:\deptTools\jdk\jre1.8\bin\management.dll
0x0000000058940000 - 0x0000000058951000 	D:\deptTools\jdk\jre1.8\bin\nio.dll
0x00007fffe1090000 - 0x00007fffe10a7000 	C:\WINDOWS\SYSTEM32\CRYPTSP.dll
0x00007fffe0ae0000 - 0x00007fffe0b13000 	C:\WINDOWS\system32\rsaenh.dll
0x00007fffe15d0000 - 0x00007fffe15f9000 	C:\WINDOWS\SYSTEM32\USERENV.dll
0x00007fffe10b0000 - 0x00007fffe10bb000 	C:\WINDOWS\SYSTEM32\CRYPTBASE.dll

VM Arguments:
jvm_args: -agentlib:jdwp=transport=dt_socket,suspend=y,address=localhost:51384 -Dfile.encoding=UTF-8 
java_command: com.cnzx.eureka.EurekaAppStart8032
java_class_path (initial): D:\eduspaces2\cnzx\cnzx-eureka-8032\target\classes;D:\maven\repository\org\springframework\cloud\spring-cloud-starter-eureka-server\1.3.1.RELEASE\spring-cloud-starter-eureka-server-1.3.1.RELEASE.jar;D:\maven\repository\org\springframework\cloud\spring-cloud-starter\1.2.2.RELEASE\spring-cloud-starter-1.2.2.RELEASE.jar;D:\maven\repository\org\springframework\boot\spring-boot-starter\1.5.9.RELEASE\spring-boot-starter-1.5.9.RELEASE.jar;D:\maven\repository\org\springframework\boot\spring-boot-starter-logging\1.5.9.RELEASE\spring-boot-starter-logging-1.5.9.RELEASE.jar;D:\maven\repository\ch\qos\logback\logback-classic\1.1.11\logback-classic-1.1.11.jar;D:\maven\repository\ch\qos\logback\logback-core\1.2.3\logback-core-1.2.3.jar;D:\maven\repository\org\slf4j\jcl-over-slf4j\1.7.25\jcl-over-slf4j-1.7.25.jar;D:\maven\repository\org\slf4j\jul-to-slf4j\1.7.25\jul-to-slf4j-1.7.25.jar;D:\maven\repository\org\slf4j\log4j-over-slf4j\1.7.25\log4j-over-slf4j-1.7.25.jar;D:\maven\repository\org\yaml\snakeyaml\1.17\snakeyaml-1.17.jar;D:\maven\repository\org\springframework\cloud\spring-cloud-context\1.2.2.RELEASE\spring-cloud-context-1.2.2.RELEASE.jar;D:\maven\repository\org\springframework\security\spring-security-crypto\4.2.3.RELEASE\spring-security-crypto-4.2.3.RELEASE.jar;D:\maven\repository\org\springframework\cloud\spring-cloud-commons\1.2.2.RELEASE\spring-cloud-commons-1.2.2.RELEASE.jar;D:\maven\repository\org\springframework\security\spring-security-rsa\1.0.3.RELEASE\spring-security-rsa-1.0.3.RELEASE.jar;D:\maven\repository\org\bouncycastle\bcpkix-jdk15on\1.55\bcpkix-jdk15on-1.55.jar;D:\maven\repository\org\bouncycastle\bcprov-jdk15on\1.55\bcprov-jdk15on-1.55.jar;D:\maven\repository\org\springframework\cloud\spring-cloud-netflix-eureka-server\1.3.1.RELEASE\spring-cloud-netflix-eureka-server-1.3.1.RELEASE.jar;D:\maven\repository\org\springframework\boot\spring-boot-starter-web\1.5.9.RELEASE\spring-boot-starter-web-1.5.9.RELEASE.jar;D:\maven\repository\
Launcher Type: SUN_STANDARD

Environment Variables:
JAVA_HOME=D:\deptTools\jdk\jdk1.7
CLASSPATH=D:\deptTools\jdk\jdk1.7\lib;D:\deptTools\jdk\jdk1.7\lib\tools.jar
PATH=D:/deptTools/jdk/jre1.8/bin/server;D:/deptTools/jdk/jre1.8/bin;D:/deptTools/jdk/jre1.8/lib/amd64;C:\Program Files (x86)\Common Files\Oracle\Java\javapath;C:\WINDOWS\system32;C:\WINDOWS;C:\WINDOWS\System32\Wbem;C:\WINDOWS\System32\WindowsPowerShell\v1.0\;D:\deptTools\jdk\jdk1.7\bin;D:\deptTools\maven-3.3.9\bin;D:\deptTools\Git\cmd;D:\deptTools\svnClient\bin;C:\Users\Administrator\AppData\Local\Microsoft\WindowsApps;C:\Users\Administrator\AppData\Local\GitHubDesktop\bin;D:\deptTools\SSH Secure Shell;D:\deptTools\eclipse4.5.2;
USERNAME=Administrator
OS=Windows_NT
PROCESSOR_IDENTIFIER=Intel64 Family 6 Model 158 Stepping 9, GenuineIntel



---------------  S Y S T E M  ---------------

OS: Windows 10.0 , 64 bit Build 16299 (10.0.16299.15)

CPU:total 8 (initial active 8) (4 cores per cpu, 2 threads per core) family 6 model 158 stepping 9, cmov, cx8, fxsr, mmx, sse, sse2, sse3, ssse3, sse4.1, sse4.2, popcnt, avx, avx2, aes, clmul, erms, rtm, 3dnowpref, lzcnt, ht, tsc, tscinvbit, bmi1, bmi2, adx

Memory: 4k page, physical 8262016k(800352k free), swap 17671292k(2092k free)

vm_info: Java HotSpot(TM) 64-Bit Server VM (25.181-b13) for windows-amd64 JRE (1.8.0_181-b13), built on Jul  7 2018 04:01:33 by "java_re" with MS VC++ 10.0 (VS2010)

time: Tue Dec 11 13:49:40 2018
elapsed time: 8 seconds (0d 0h 0m 8s)

