#
# There is insufficient memory for the Java Runtime Environment to continue.
# Native memory allocation (malloc) failed to allocate 457984 bytes for Chunk::new
# Possible reasons:
#   The system is out of physical RAM or swap space
#   In 32 bit mode, the process size limit was hit
# Possible solutions:
#   Reduce memory load on the system
#   Increase physical memory or swap space
#   Check if swap backing store is full
#   Use 64 bit Java on a 64 bit OS
#   Decrease Java heap size (-Xmx/-Xms)
#   Decrease number of Java threads
#   Decrease Java thread stack sizes (-Xss)
#   Set larger code cache with -XX:ReservedCodeCacheSize=
# This output file may be truncated or incomplete.
#
#  Out of Memory Error (allocation.cpp:390), pid=44800, tid=0x0000000000000fe4
#
# JRE version: Java(TM) SE Runtime Environment (8.0_181-b13) (build 1.8.0_181-b13)
# Java VM: Java HotSpot(TM) 64-Bit Server VM (25.181-b13 mixed mode windows-amd64 compressed oops)
# Failed to write core dump. Minidumps are not enabled by default on client versions of Windows
#

---------------  T H R E A D  ---------------

Current thread (0x000000001c53b000):  JavaThread "C2 CompilerThread0" daemon [_thread_in_native, id=4068, stack(0x000000001ce80000,0x000000001cf80000)]

Stack: [0x000000001ce80000,0x000000001cf80000]
[error occurred during error reporting (printing stack bounds), id 0xc0000005]

Native frames: (J=compiled Java code, j=interpreted, Vv=VM code, C=native code)


Current CompileTask:
C2: 242870 7314       4       org.springframework.util.PropertyPlaceholderHelper::parseStringValue (402 bytes)


---------------  P R O C E S S  ---------------

Java Threads: ( => current thread )
  0x000000002236d000 JavaThread "restartedMain" [_thread_in_Java, id=43596, stack(0x0000000031710000,0x0000000031810000)]
  0x0000000022373800 JavaThread "Thread-35" [_thread_blocked, id=44900, stack(0x0000000031410000,0x0000000031510000)]
  0x0000000022374800 JavaThread "DestroyJavaVM" [_thread_blocked, id=44072, stack(0x0000000005350000,0x0000000005450000)]
  0x000000001c5c8800 JavaThread "Service Thread" daemon [_thread_blocked, id=38240, stack(0x000000001d280000,0x000000001d380000)]
  0x000000001c546800 JavaThread "C1 CompilerThread3" daemon [_thread_blocked, id=44620, stack(0x000000001d180000,0x000000001d280000)]
  0x000000001c544800 JavaThread "C2 CompilerThread2" daemon [_thread_blocked, id=44224, stack(0x000000001d080000,0x000000001d180000)]
  0x000000001c543000 JavaThread "C2 CompilerThread1" daemon [_thread_in_native, id=45028, stack(0x000000001cf80000,0x000000001d080000)]
=>0x000000001c53b000 JavaThread "C2 CompilerThread0" daemon [_thread_in_native, id=4068, stack(0x000000001ce80000,0x000000001cf80000)]
  0x000000001c529000 JavaThread "JDWP Command Reader" daemon [_thread_in_native, id=44592, stack(0x000000001cd80000,0x000000001ce80000)]
  0x000000001c526000 JavaThread "JDWP Event Helper Thread" daemon [_thread_blocked, id=44160, stack(0x000000001cc80000,0x000000001cd80000)]
  0x000000001c519000 JavaThread "JDWP Transport Listener: dt_socket" daemon [_thread_blocked, id=37444, stack(0x000000001cb80000,0x000000001cc80000)]
  0x000000001c50f000 JavaThread "Attach Listener" daemon [_thread_blocked, id=45036, stack(0x000000001ca80000,0x000000001cb80000)]
  0x000000001c50e800 JavaThread "Signal Dispatcher" daemon [_thread_blocked, id=18452, stack(0x000000001c980000,0x000000001ca80000)]
  0x000000001a5a5000 JavaThread "Finalizer" daemon [_thread_blocked, id=38992, stack(0x000000001c880000,0x000000001c980000)]
  0x000000001a59e000 JavaThread "Reference Handler" daemon [_thread_blocked, id=39196, stack(0x000000001c380000,0x000000001c480000)]

Other Threads:
  0x000000001a595800 VMThread [stack: 0x000000001c280000,0x000000001c380000] [id=38864]
  0x000000001c61a800 WatcherThread [stack: 0x000000001d380000,0x000000001d480000] [id=20444]

VM state:not at safepoint (normal execution)

VM Mutex/Monitor currently owned by a thread: None

Heap:
 PSYoungGen      total 501248K, used 275731K [0x00000000d5f80000, 0x0000000100000000, 0x0000000100000000)
  eden space 486400K, 56% used [0x00000000d5f80000,0x00000000e6cc4f30,0x00000000f3a80000)
  from space 14848K, 0% used [0x00000000f3a80000,0x00000000f3a80000,0x00000000f4900000)
  to   space 14336K, 0% used [0x00000000ff200000,0x00000000ff200000,0x0000000100000000)
 ParOldGen       total 73728K, used 39291K [0x0000000081e00000, 0x0000000086600000, 0x00000000d5f80000)
  object space 73728K, 53% used [0x0000000081e00000,0x000000008445ef18,0x0000000086600000)
 Metaspace       used 49808K, capacity 50804K, committed 50856K, reserved 1093632K
  class space    used 6276K, capacity 6551K, committed 6568K, reserved 1048576K

Card table byte_map: [0x00000000149f0000,0x0000000014df0000] byte_map_base: 0x00000000145e1000

Marking Bits: (ParMarkBitMap*) 0x0000000059312d00
 Begin Bits: [0x00000000158a0000, 0x0000000017828000)
 End Bits:   [0x0000000017828000, 0x00000000197b0000)

Polling page: 0x0000000000df0000

CodeCache: size=245760Kb used=26234Kb max_used=26235Kb free=219526Kb
 bounds [0x0000000005630000, 0x0000000007000000, 0x0000000014630000]
 total_blobs=6389 nmethods=5919 adapters=390
 compilation: enabled

Compilation events (10 events):
Event: 242.803 Thread 0x000000001c544800 nmethod 7317 0x0000000006ff0550 code [0x0000000006ff06c0, 0x0000000006ff0828]
Event: 242.818 Thread 0x000000001c543000 7320       4       java.lang.Class::getConstructor0 (103 bytes)
Event: 242.820 Thread 0x000000001c546800 7321       3       com.fasterxml.classmate.TypeResolver::_fromParamType (82 bytes)
Event: 242.821 Thread 0x000000001c546800 nmethod 7321 0x0000000006feed90 code [0x0000000006feef60, 0x0000000006fef6c8]
Event: 242.822 Thread 0x000000001c546800 7322       3       org.jboss.logging.Slf4jLocationAwareLogger::isEnabled (114 bytes)
Event: 242.822 Thread 0x000000001c546800 nmethod 7322 0x0000000006fee190 code [0x0000000006fee360, 0x0000000006feead8]
Event: 242.822 Thread 0x000000001c546800 7323       3       org.hibernate.validator.internal.metadata.core.ConstraintHelper::putConstraint (13 bytes)
Event: 242.822 Thread 0x000000001c546800 nmethod 7323 0x0000000006fed8d0 code [0x0000000006feda60, 0x0000000006fedec8]
Event: 242.822 Thread 0x000000001c546800 7324       3       sun.misc.URLClassPath$2::<init> (45 bytes)
Event: 242.823 Thread 0x000000001c546800 nmethod 7324 0x0000000006fed310 code [0x0000000006fed480, 0x0000000006fed768]

GC Heap History (10 events):
Event: 217.069 GC heap before
{Heap before GC invocations=16 (full 3):
 PSYoungGen      total 500224K, used 486400K [0x00000000d5f80000, 0x00000000f5880000, 0x0000000100000000)
  eden space 486400K, 100% used [0x00000000d5f80000,0x00000000f3a80000,0x00000000f3a80000)
  from space 13824K, 0% used [0x00000000f4900000,0x00000000f4900000,0x00000000f5680000)
  to   space 14848K, 0% used [0x00000000f3a80000,0x00000000f3a80000,0x00000000f4900000)
 ParOldGen       total 73728K, used 35061K [0x0000000081e00000, 0x0000000086600000, 0x00000000d5f80000)
  object space 73728K, 47% used [0x0000000081e00000,0x000000008403d6e8,0x0000000086600000)
 Metaspace       used 49192K, capacity 49944K, committed 50088K, reserved 1093632K
  class space    used 6234K, capacity 6460K, committed 6568K, reserved 1048576K
Event: 217.078 GC heap after
Heap after GC invocations=16 (full 3):
 PSYoungGen      total 501248K, used 8544K [0x00000000d5f80000, 0x00000000f5880000, 0x0000000100000000)
  eden space 486400K, 0% used [0x00000000d5f80000,0x00000000d5f80000,0x00000000f3a80000)
  from space 14848K, 57% used [0x00000000f3a80000,0x00000000f42d81d8,0x00000000f4900000)
  to   space 13824K, 0% used [0x00000000f4900000,0x00000000f4900000,0x00000000f5680000)
 ParOldGen       total 73728K, used 35069K [0x0000000081e00000, 0x0000000086600000, 0x00000000d5f80000)
  object space 73728K, 47% used [0x0000000081e00000,0x000000008403f6e8,0x0000000086600000)
 Metaspace       used 49192K, capacity 49944K, committed 50088K, reserved 1093632K
  class space    used 6234K, capacity 6460K, committed 6568K, reserved 1048576K
}
Event: 217.107 GC heap before
{Heap before GC invocations=17 (full 3):
 PSYoungGen      total 501248K, used 37713K [0x00000000d5f80000, 0x00000000f5880000, 0x0000000100000000)
  eden space 486400K, 5% used [0x00000000d5f80000,0x00000000d7bfc600,0x00000000f3a80000)
  from space 14848K, 57% used [0x00000000f3a80000,0x00000000f42d81d8,0x00000000f4900000)
  to   space 13824K, 0% used [0x00000000f4900000,0x00000000f4900000,0x00000000f5680000)
 ParOldGen       total 73728K, used 35069K [0x0000000081e00000, 0x0000000086600000, 0x00000000d5f80000)
  object space 73728K, 47% used [0x0000000081e00000,0x000000008403f6e8,0x0000000086600000)
 Metaspace       used 49204K, capacity 49944K, committed 50088K, reserved 1093632K
  class space    used 6234K, capacity 6460K, committed 6568K, reserved 1048576K
Event: 217.111 GC heap after
Heap after GC invocations=17 (full 3):
 PSYoungGen      total 500224K, used 224K [0x00000000d5f80000, 0x00000000f5880000, 0x0000000100000000)
  eden space 486400K, 0% used [0x00000000d5f80000,0x00000000d5f80000,0x00000000f3a80000)
  from space 13824K, 1% used [0x00000000f4900000,0x00000000f4938000,0x00000000f5680000)
  to   space 14848K, 0% used [0x00000000f3a80000,0x00000000f3a80000,0x00000000f4900000)
 ParOldGen       total 73728K, used 38657K [0x0000000081e00000, 0x0000000086600000, 0x00000000d5f80000)
  object space 73728K, 52% used [0x0000000081e00000,0x00000000843c05c8,0x0000000086600000)
 Metaspace       used 49204K, capacity 49944K, committed 50088K, reserved 1093632K
  class space    used 6234K, capacity 6460K, committed 6568K, reserved 1048576K
}
Event: 217.111 GC heap before
{Heap before GC invocations=18 (full 4):
 PSYoungGen      total 500224K, used 224K [0x00000000d5f80000, 0x00000000f5880000, 0x0000000100000000)
  eden space 486400K, 0% used [0x00000000d5f80000,0x00000000d5f80000,0x00000000f3a80000)
  from space 13824K, 1% used [0x00000000f4900000,0x00000000f4938000,0x00000000f5680000)
  to   space 14848K, 0% used [0x00000000f3a80000,0x00000000f3a80000,0x00000000f4900000)
 ParOldGen       total 73728K, used 38657K [0x0000000081e00000, 0x0000000086600000, 0x00000000d5f80000)
  object space 73728K, 52% used [0x0000000081e00000,0x00000000843c05c8,0x0000000086600000)
 Metaspace       used 49204K, capacity 49944K, committed 50088K, reserved 1093632K
  class space    used 6234K, capacity 6460K, committed 6568K, reserved 1048576K
Event: 217.307 GC heap after
Heap after GC invocations=18 (full 4):
 PSYoungGen      total 500224K, used 0K [0x00000000d5f80000, 0x00000000f5880000, 0x0000000100000000)
  eden space 486400K, 0% used [0x00000000d5f80000,0x00000000d5f80000,0x00000000f3a80000)
  from space 13824K, 0% used [0x00000000f4900000,0x00000000f4900000,0x00000000f5680000)
  to   space 14848K, 0% used [0x00000000f3a80000,0x00000000f3a80000,0x00000000f4900000)
 ParOldGen       total 73728K, used 33049K [0x0000000081e00000, 0x0000000086600000, 0x00000000d5f80000)
  object space 73728K, 44% used [0x0000000081e00000,0x0000000083e46790,0x0000000086600000)
 Metaspace       used 49204K, capacity 49944K, committed 50088K, reserved 1093632K
  class space    used 6234K, capacity 6460K, committed 6568K, reserved 1048576K
}
Event: 240.624 GC heap before
{Heap before GC invocations=19 (full 4):
 PSYoungGen      total 500224K, used 479407K [0x00000000d5f80000, 0x00000000f5880000, 0x0000000100000000)
  eden space 486400K, 98% used [0x00000000d5f80000,0x00000000f33abc80,0x00000000f3a80000)
  from space 13824K, 0% used [0x00000000f4900000,0x00000000f4900000,0x00000000f5680000)
  to   space 14848K, 0% used [0x00000000f3a80000,0x00000000f3a80000,0x00000000f4900000)
 ParOldGen       total 73728K, used 33049K [0x0000000081e00000, 0x0000000086600000, 0x00000000d5f80000)
  object space 73728K, 44% used [0x0000000081e00000,0x0000000083e46790,0x0000000086600000)
 Metaspace       used 49698K, capacity 50586K, committed 50856K, reserved 1093632K
  class space    used 6259K, capacity 6523K, committed 6568K, reserved 1048576K
Event: 240.629 GC heap after
Heap after GC invocations=19 (full 4):
 PSYoungGen      total 501248K, used 6931K [0x00000000d5f80000, 0x0000000100000000, 0x0000000100000000)
  eden space 486400K, 0% used [0x00000000d5f80000,0x00000000d5f80000,0x00000000f3a80000)
  from space 14848K, 46% used [0x00000000f3a80000,0x00000000f4144cc8,0x00000000f4900000)
  to   space 14336K, 0% used [0x00000000ff200000,0x00000000ff200000,0x0000000100000000)
 ParOldGen       total 73728K, used 33057K [0x0000000081e00000, 0x0000000086600000, 0x00000000d5f80000)
  object space 73728K, 44% used [0x0000000081e00000,0x0000000083e48790,0x0000000086600000)
 Metaspace       used 49698K, capacity 50586K, committed 50856K, reserved 1093632K
  class space    used 6259K, capacity 6523K, committed 6568K, reserved 1048576K
}
Event: 240.629 GC heap before
{Heap before GC invocations=20 (full 5):
 PSYoungGen      total 501248K, used 6931K [0x00000000d5f80000, 0x0000000100000000, 0x0000000100000000)
  eden space 486400K, 0% used [0x00000000d5f80000,0x00000000d5f80000,0x00000000f3a80000)
  from space 14848K, 46% used [0x00000000f3a80000,0x00000000f4144cc8,0x00000000f4900000)
  to   space 14336K, 0% used [0x00000000ff200000,0x00000000ff200000,0x0000000100000000)
 ParOldGen       total 73728K, used 33057K [0x0000000081e00000, 0x0000000086600000, 0x00000000d5f80000)
  object space 73728K, 44% used [0x0000000081e00000,0x0000000083e48790,0x0000000086600000)
 Metaspace       used 49698K, capacity 50586K, committed 50856K, reserved 1093632K
  class space    used 6259K, capacity 6523K, committed 6568K, reserved 1048576K
Event: 240.775 GC heap after
Heap after GC invocations=20 (full 5):
 PSYoungGen      total 501248K, used 0K [0x00000000d5f80000, 0x0000000100000000, 0x0000000100000000)
  eden space 486400K, 0% used [0x00000000d5f80000,0x00000000d5f80000,0x00000000f3a80000)
  from space 14848K, 0% used [0x00000000f3a80000,0x00000000f3a80000,0x00000000f4900000)
  to   space 14336K, 0% used [0x00000000ff200000,0x00000000ff200000,0x0000000100000000)
 ParOldGen       total 73728K, used 39291K [0x0000000081e00000, 0x0000000086600000, 0x00000000d5f80000)
  object space 73728K, 53% used [0x0000000081e00000,0x000000008445ef18,0x0000000086600000)
 Metaspace       used 49698K, capacity 50586K, committed 50856K, reserved 1093632K
  class space    used 6259K, capacity 6523K, committed 6568K, reserved 1048576K
}

Deoptimization events (10 events):
Event: 242.820 Thread 0x000000002236d000 Uncommon trap: reason=unhandled action=none pc=0x0000000005cadf00 method=java.net.URLClassLoader.findClass(Ljava/lang/String;)Ljava/lang/Class; @ 44
Event: 242.820 Thread 0x000000002236d000 Uncommon trap: reason=unhandled action=none pc=0x0000000005fae6d4 method=java.net.URLClassLoader.findClass(Ljava/lang/String;)Ljava/lang/Class; @ 44
Event: 242.820 Thread 0x000000002236d000 Uncommon trap: reason=unhandled action=none pc=0x0000000005cadf00 method=java.net.URLClassLoader.findClass(Ljava/lang/String;)Ljava/lang/Class; @ 44
Event: 242.821 Thread 0x000000002236d000 Uncommon trap: reason=unhandled action=none pc=0x0000000005fae6d4 method=java.net.URLClassLoader.findClass(Ljava/lang/String;)Ljava/lang/Class; @ 44
Event: 242.821 Thread 0x000000002236d000 Uncommon trap: reason=unhandled action=none pc=0x000000000592d2c8 method=java.net.URLClassLoader.findClass(Ljava/lang/String;)Ljava/lang/Class; @ 44
Event: 242.821 Thread 0x000000002236d000 Uncommon trap: reason=unhandled action=none pc=0x0000000005cadf00 method=java.net.URLClassLoader.findClass(Ljava/lang/String;)Ljava/lang/Class; @ 44
Event: 242.821 Thread 0x000000002236d000 Uncommon trap: reason=unhandled action=none pc=0x0000000005fae6d4 method=java.net.URLClassLoader.findClass(Ljava/lang/String;)Ljava/lang/Class; @ 44
Event: 242.821 Thread 0x000000002236d000 Uncommon trap: reason=unhandled action=none pc=0x0000000005cadf00 method=java.net.URLClassLoader.findClass(Ljava/lang/String;)Ljava/lang/Class; @ 44
Event: 242.821 Thread 0x000000002236d000 Uncommon trap: reason=unhandled action=none pc=0x0000000005fae6d4 method=java.net.URLClassLoader.findClass(Ljava/lang/String;)Ljava/lang/Class; @ 44
Event: 242.823 Thread 0x000000002236d000 Uncommon trap: reason=range_check action=none pc=0x00000000058ac41c method=sun.reflect.generics.parser.SignatureParser.current()C @ 34

Classes redefined (0 events):
No events

Internal exceptions (10 events):
Event: 242.653 Thread 0x000000002236d000 Exception <a 'java/lang/ArrayIndexOutOfBoundsException': 239> (0x00000000e511dec0) thrown at [C:\re\workspace\8-2-build-windows-amd64-cygwin\jdk8u181\11358\hotspot\src\share\vm\interpreter\interpreterRuntime.cpp, line 366]
Event: 242.679 Thread 0x000000002236d000 Exception <a 'java/lang/ArrayIndexOutOfBoundsException': 234> (0x00000000e5552da8) thrown at [C:\re\workspace\8-2-build-windows-amd64-cygwin\jdk8u181\11358\hotspot\src\share\vm\interpreter\interpreterRuntime.cpp, line 366]
Event: 242.735 Thread 0x000000002236d000 Exception <a 'java/lang/ArrayIndexOutOfBoundsException': 246> (0x00000000e5dda208) thrown at [C:\re\workspace\8-2-build-windows-amd64-cygwin\jdk8u181\11358\hotspot\src\share\vm\interpreter\interpreterRuntime.cpp, line 366]
Event: 242.738 Thread 0x000000002236d000 Exception <a 'java/lang/ArrayIndexOutOfBoundsException': 25> (0x00000000e5e5d820) thrown at [C:\re\workspace\8-2-build-windows-amd64-cygwin\jdk8u181\11358\hotspot\src\share\vm\interpreter\interpreterRuntime.cpp, line 366]
Event: 242.764 Thread 0x000000002236d000 Exception <a 'java/lang/ArrayIndexOutOfBoundsException': 157> (0x00000000e61f14c8) thrown at [C:\re\workspace\8-2-build-windows-amd64-cygwin\jdk8u181\11358\hotspot\src\share\vm\interpreter\interpreterRuntime.cpp, line 366]
Event: 242.766 Thread 0x000000002236d000 Exception <a 'java/lang/ArrayIndexOutOfBoundsException': 152> (0x00000000e6251830) thrown at [C:\re\workspace\8-2-build-windows-amd64-cygwin\jdk8u181\11358\hotspot\src\share\vm\interpreter\interpreterRuntime.cpp, line 366]
Event: 242.812 Thread 0x000000002236d000 Exception <a 'java/lang/ArrayIndexOutOfBoundsException': 103> (0x00000000e691c1b0) thrown at [C:\re\workspace\8-2-build-windows-amd64-cygwin\jdk8u181\11358\hotspot\src\share\vm\interpreter\interpreterRuntime.cpp, line 366]
Event: 242.818 Thread 0x000000002236d000 Exception <a 'java/lang/ArrayIndexOutOfBoundsException': 6> (0x00000000e69f3be8) thrown at [C:\re\workspace\8-2-build-windows-amd64-cygwin\jdk8u181\11358\hotspot\src\share\vm\interpreter\interpreterRuntime.cpp, line 366]
Event: 242.818 Thread 0x000000002236d000 Exception <a 'java/lang/ArrayIndexOutOfBoundsException': 6> (0x00000000e69f5498) thrown at [C:\re\workspace\8-2-build-windows-amd64-cygwin\jdk8u181\11358\hotspot\src\share\vm\interpreter\interpreterRuntime.cpp, line 366]
Event: 242.823 Thread 0x000000002236d000 Exception <a 'java/lang/ArrayIndexOutOfBoundsException': 79> (0x00000000e6ae3bb8) thrown at [C:\re\workspace\8-2-build-windows-amd64-cygwin\jdk8u181\11358\hotspot\src\share\vm\interpreter\interpreterRuntime.cpp, line 366]

Events (10 events):
Event: 242.821 Thread 0x000000002236d000 Uncommon trap: trap_request=0xffffffa7 fr.pc=0x0000000005fae6d4
Event: 242.821 Thread 0x000000002236d000 DEOPT PACKING pc=0x0000000005fae6d4 sp=0x000000003180c380
Event: 242.821 Thread 0x000000002236d000 DEOPT UNPACKING pc=0x000000000567583b sp=0x000000003180c328 mode 2
Event: 242.821 Thread 0x000000002236d000 DEOPT PACKING pc=0x0000000005da46f4 sp=0x000000003180c490
Event: 242.821 Thread 0x000000002236d000 DEOPT UNPACKING pc=0x0000000005677890 sp=0x000000003180c188 mode 1
Event: 242.821 Thread 0x000000002236d000 DEOPT PACKING pc=0x0000000006579694 sp=0x000000003180cdf0
Event: 242.821 Thread 0x000000002236d000 DEOPT UNPACKING pc=0x0000000005677890 sp=0x000000003180cb08 mode 1
Event: 242.823 Thread 0x000000002236d000 Uncommon trap: trap_request=0xffffffe7 fr.pc=0x00000000058ac41c
Event: 242.823 Thread 0x000000002236d000 DEOPT PACKING pc=0x00000000058ac41c sp=0x000000003180c930
Event: 242.823 Thread 0x000000002236d000 DEOPT UNPACKING pc=0x000000000567583b sp=0x000000003180c8c0 mode 2


Dynamic libraries:
0x00007ff6787e0000 - 0x00007ff678817000 	D:\deptTools\jdk\jre1.8\bin\javaw.exe
0x00007fffe5380000 - 0x00007fffe5560000 	C:\WINDOWS\SYSTEM32\ntdll.dll
0x00007fffe50c0000 - 0x00007fffe516e000 	C:\WINDOWS\System32\KERNEL32.DLL
0x00007fffe1f90000 - 0x00007fffe21f6000 	C:\WINDOWS\System32\KERNELBASE.dll
0x00007fffe31d0000 - 0x00007fffe3271000 	C:\WINDOWS\System32\ADVAPI32.dll
0x00007fffe4880000 - 0x00007fffe491d000 	C:\WINDOWS\System32\msvcrt.dll
0x00007fffe4d20000 - 0x00007fffe4d7b000 	C:\WINDOWS\System32\sechost.dll
0x00007fffe4fa0000 - 0x00007fffe50bf000 	C:\WINDOWS\System32\RPCRT4.dll
0x00007fffe2850000 - 0x00007fffe29df000 	C:\WINDOWS\System32\USER32.dll
0x00007fffe1f70000 - 0x00007fffe1f90000 	C:\WINDOWS\System32\win32u.dll
0x00007fffe31a0000 - 0x00007fffe31c8000 	C:\WINDOWS\System32\GDI32.dll
0x00007fffe2480000 - 0x00007fffe2613000 	C:\WINDOWS\System32\gdi32full.dll
0x00007fffe1780000 - 0x00007fffe181b000 	C:\WINDOWS\System32\msvcp_win.dll
0x00007fffe26d0000 - 0x00007fffe27c6000 	C:\WINDOWS\System32\ucrtbase.dll
0x00007fffd0d80000 - 0x00007fffd0fe9000 	C:\WINDOWS\WinSxS\amd64_microsoft.windows.common-controls_6595b64144ccf1df_6.0.16299.125_none_15cbcf8893620c09\COMCTL32.dll
0x00007fffe2a40000 - 0x00007fffe2d48000 	C:\WINDOWS\System32\combase.dll
0x00007fffe27d0000 - 0x00007fffe2842000 	C:\WINDOWS\System32\bcryptPrimitives.dll
0x00007fffe3290000 - 0x00007fffe32bd000 	C:\WINDOWS\System32\IMM32.DLL
0x0000000058630000 - 0x0000000058702000 	D:\deptTools\jdk\jre1.8\bin\msvcr100.dll
0x0000000058af0000 - 0x0000000059392000 	D:\deptTools\jdk\jre1.8\bin\server\jvm.dll
0x00007fffe3280000 - 0x00007fffe3288000 	C:\WINDOWS\System32\PSAPI.DLL
0x00007fffd4c30000 - 0x00007fffd4c39000 	C:\WINDOWS\SYSTEM32\WSOCK32.dll
0x00007fffe4f30000 - 0x00007fffe4f9c000 	C:\WINDOWS\System32\WS2_32.dll
0x00007fffdf460000 - 0x00007fffdf483000 	C:\WINDOWS\SYSTEM32\WINMM.dll
0x00007fffd4a40000 - 0x00007fffd4a4a000 	C:\WINDOWS\SYSTEM32\VERSION.dll
0x00007fffdeb80000 - 0x00007fffdebaa000 	C:\WINDOWS\SYSTEM32\WINMMBASE.dll
0x00007fffe2680000 - 0x00007fffe26ca000 	C:\WINDOWS\System32\cfgmgr32.dll
0x0000000058a00000 - 0x0000000058a0f000 	D:\deptTools\jdk\jre1.8\bin\verify.dll
0x00000000589d0000 - 0x00000000589f9000 	D:\deptTools\jdk\jre1.8\bin\java.dll
0x00000000585f0000 - 0x0000000058625000 	D:\deptTools\jdk\jre1.8\bin\jdwp.dll
0x00000000585e0000 - 0x00000000585e8000 	D:\deptTools\jdk\jre1.8\bin\npt.dll
0x0000000058980000 - 0x0000000058996000 	D:\deptTools\jdk\jre1.8\bin\zip.dll
0x00007fffe32c0000 - 0x00007fffe46f6000 	C:\WINDOWS\System32\SHELL32.dll
0x00007fffe4920000 - 0x00007fffe49c6000 	C:\WINDOWS\System32\shcore.dll
0x00007fffe1820000 - 0x00007fffe1f67000 	C:\WINDOWS\System32\windows.storage.dll
0x00007fffe29e0000 - 0x00007fffe2a31000 	C:\WINDOWS\System32\shlwapi.dll
0x00007fffe1760000 - 0x00007fffe1771000 	C:\WINDOWS\System32\kernel.appcore.dll
0x00007fffe16d0000 - 0x00007fffe171c000 	C:\WINDOWS\System32\powrprof.dll
0x00007fffe1740000 - 0x00007fffe175b000 	C:\WINDOWS\System32\profapi.dll
0x00000000585d0000 - 0x00000000585d9000 	D:\deptTools\jdk\jre1.8\bin\dt_socket.dll
0x00007fffd2ba0000 - 0x00007fffd2bb6000 	C:\WINDOWS\system32\napinsp.dll
0x00007fffd2840000 - 0x00007fffd285a000 	C:\WINDOWS\system32\pnrpnsp.dll
0x00007fffde350000 - 0x00007fffde368000 	C:\WINDOWS\system32\NLAapi.dll
0x00007fffe0ed0000 - 0x00007fffe0f36000 	C:\WINDOWS\System32\mswsock.dll
0x00007fffe0ca0000 - 0x00007fffe0d56000 	C:\WINDOWS\SYSTEM32\DNSAPI.dll
0x00007fffe5280000 - 0x00007fffe5288000 	C:\WINDOWS\System32\NSI.dll
0x00007fffe0c60000 - 0x00007fffe0c99000 	C:\WINDOWS\SYSTEM32\IPHLPAPI.DLL
0x00007fffd2750000 - 0x00007fffd275e000 	C:\WINDOWS\System32\winrnr.dll
0x00007fffdbb60000 - 0x00007fffdbbd0000 	C:\WINDOWS\System32\fwpuclnt.dll
0x00007fffe11a0000 - 0x00007fffe11c5000 	C:\WINDOWS\SYSTEM32\bcrypt.dll
0x00007fffdbb40000 - 0x00007fffdbb4a000 	C:\Windows\System32\rasadhlp.dll
0x0000000058960000 - 0x000000005897a000 	D:\deptTools\jdk\jre1.8\bin\net.dll
0x00007fffdcb30000 - 0x00007fffdcb46000 	C:\WINDOWS\SYSTEM32\dhcpcsvc6.DLL
0x00007fffdca40000 - 0x00007fffdca5a000 	C:\WINDOWS\SYSTEM32\dhcpcsvc.DLL
0x00000000585c0000 - 0x00000000585cd000 	D:\deptTools\jdk\jre1.8\bin\management.dll
0x0000000058940000 - 0x0000000058951000 	D:\deptTools\jdk\jre1.8\bin\nio.dll
0x00007fffe1090000 - 0x00007fffe10a7000 	C:\WINDOWS\SYSTEM32\CRYPTSP.dll
0x00007fffe0ae0000 - 0x00007fffe0b13000 	C:\WINDOWS\system32\rsaenh.dll
0x00007fffe15d0000 - 0x00007fffe15f9000 	C:\WINDOWS\SYSTEM32\USERENV.dll
0x00007fffe10b0000 - 0x00007fffe10bb000 	C:\WINDOWS\SYSTEM32\CRYPTBASE.dll
0x00000000580c0000 - 0x00000000580e4000 	D:\deptTools\jdk\jre1.8\bin\sunec.dll

VM Arguments:
jvm_args: -agentlib:jdwp=transport=dt_socket,suspend=y,address=localhost:56890 -Dfile.encoding=UTF-8 
java_command: com.cnzx.provider.ProviderAppStart8012
java_class_path (initial): D:\eduspaces2\cnzx\cnzx-provider-8012\target\classes;D:\eduspaces2\cnzx\cnzx-api\target\classes;D:\maven\repository\org\projectlombok\lombok\1.16.18\lombok-1.16.18.jar;D:\maven\repository\org\hamcrest\hamcrest-core\1.3\hamcrest-core-1.3.jar;D:\maven\repository\mysql\mysql-connector-java\5.0.4\mysql-connector-java-5.0.4.jar;D:\maven\repository\com\alibaba\druid\1.0.31\druid-1.0.31.jar;D:\maven\repository\ch\qos\logback\logback-core\1.2.3\logback-core-1.2.3.jar;D:\maven\repository\org\mybatis\spring\boot\mybatis-spring-boot-starter\1.3.0\mybatis-spring-boot-starter-1.3.0.jar;D:\maven\repository\org\springframework\boot\spring-boot-starter\1.5.9.RELEASE\spring-boot-starter-1.5.9.RELEASE.jar;D:\maven\repository\org\springframework\boot\spring-boot-starter-logging\1.5.9.RELEASE\spring-boot-starter-logging-1.5.9.RELEASE.jar;D:\maven\repository\ch\qos\logback\logback-classic\1.1.11\logback-classic-1.1.11.jar;D:\maven\repository\org\slf4j\jcl-over-slf4j\1.7.25\jcl-over-slf4j-1.7.25.jar;D:\maven\repository\org\slf4j\jul-to-slf4j\1.7.25\jul-to-slf4j-1.7.25.jar;D:\maven\repository\org\slf4j\log4j-over-slf4j\1.7.25\log4j-over-slf4j-1.7.25.jar;D:\maven\repository\org\yaml\snakeyaml\1.17\snakeyaml-1.17.jar;D:\maven\repository\org\springframework\boot\spring-boot-starter-jdbc\1.5.9.RELEASE\spring-boot-starter-jdbc-1.5.9.RELEASE.jar;D:\maven\repository\org\apache\tomcat\tomcat-jdbc\8.5.23\tomcat-jdbc-8.5.23.jar;D:\maven\repository\org\apache\tomcat\tomcat-juli\8.5.23\tomcat-juli-8.5.23.jar;D:\maven\repository\org\springframework\spring-jdbc\4.3.13.RELEASE\spring-jdbc-4.3.13.RELEASE.jar;D:\maven\repository\org\springframework\spring-tx\4.3.13.RELEASE\spring-tx-4.3.13.RELEASE.jar;D:\maven\repository\org\mybatis\spring\boot\mybatis-spring-boot-autoconfigure\1.3.0\mybatis-spring-boot-autoconfigure-1.3.0.jar;D:\maven\repository\org\mybatis\mybatis\3.4.4\mybatis-3.4.4.jar;D:\maven\repository\org\mybatis\mybatis-spring\1.3.1\mybatis-spring-1.3.1.jar;D:\maven\r
Launcher Type: SUN_STANDARD

Environment Variables:
JAVA_HOME=D:\deptTools\jdk\jdk1.7
CLASSPATH=D:\deptTools\jdk\jdk1.7\lib;D:\deptTools\jdk\jdk1.7\lib\tools.jar
PATH=D:/deptTools/jdk/jre1.8/bin/server;D:/deptTools/jdk/jre1.8/bin;D:/deptTools/jdk/jre1.8/lib/amd64;C:\Program Files (x86)\Common Files\Oracle\Java\javapath;C:\WINDOWS\system32;C:\WINDOWS;C:\WINDOWS\System32\Wbem;C:\WINDOWS\System32\WindowsPowerShell\v1.0\;D:\deptTools\jdk\jdk1.7\bin;D:\deptTools\maven-3.3.9\bin;D:\deptTools\Git\cmd;D:\deptTools\svnClient\bin;C:\Users\Administrator\AppData\Local\Microsoft\WindowsApps;C:\Users\Administrator\AppData\Local\GitHubDesktop\bin;D:\deptTools\SSH Secure Shell;D:\deptTools\eclipse4.5.2;
USERNAME=Administrator
OS=Windows_NT
PROCESSOR_IDENTIFIER=Intel64 Family 6 Model 158 Stepping 9, GenuineIntel



---------------  S Y S T E M  ---------------

OS: Windows 10.0 , 64 bit Build 16299 (10.0.16299.15)

CPU:total 8 (initial active 8) (4 cores per cpu, 2 threads per core) family 6 model 158 stepping 9, cmov, cx8, fxsr, mmx, sse, sse2, sse3, ssse3, sse4.1, sse4.2, popcnt, avx, avx2, aes, clmul, erms, rtm, 3dnowpref, lzcnt, ht, tsc, tscinvbit, bmi1, bmi2, adx

Memory: 4k page, physical 8262016k(607140k free), swap 17671292k(5308k free)

vm_info: Java HotSpot(TM) 64-Bit Server VM (25.181-b13) for windows-amd64 JRE (1.8.0_181-b13), built on Jul  7 2018 04:01:33 by "java_re" with MS VC++ 10.0 (VS2010)

time: Tue Dec 11 17:23:50 2018
elapsed time: 242 seconds (0d 0h 4m 2s)

